You are super user.

WARNING: apt does not have a stable CLI interface. Use with caution in scripts.

Reading package lists...
Building dependency tree...
Reading state information...
mysql-server is already the newest version (8.0.45-0ubuntu0.24.04.1).
0 upgraded, 0 newly installed, 0 to remove and 56 not upgraded.
-e Installing MySQL Server...[32m SUCCESS [0m
Synchronizing state of mysql.service with SysV service script with /usr/lib/systemd/systemd-sysv-install.
Executing: /usr/lib/systemd/systemd-sysv-install enable mysql
-e Enabling MySQL Server...[32m SUCCESS [0m
-e Starting MySQL Server...[32m SUCCESS [0m
Database
appdb
information_schema
mysql
performance_schema
sys
0
-e MySQL Root password is already setup...[33m SKIPPING [0m
